<?xml version="1.0" encoding="UTF-8"?>
<!-- Generated by org.testng.reporters.JUnitXMLReporter -->
<testsuite hostname="NMLTTW0126" ignored="2" name="Default test" tests="1" failures="0" timestamp="01 Jun 2020 12:20:55 GMT" time="13.513" errors="0">
  <testcase name="openGmail" time="8.309" classname="com.testAssignment.GooglePage"/>
  <testcase name="brokenLInks" time="0.0" classname="com.testAssignment.GooglePage">
    <ignored/>
  </testcase> <!-- brokenLInks -->
  <testcase name="openGmailInNewTab" time="0.0" classname="com.testAssignment.GooglePage">
    <ignored/>
  </testcase> <!-- openGmailInNewTab -->
</testsuite> <!-- Default test -->
