<?xml version="1.0" encoding="UTF-8"?>
<!-- Generated by org.testng.reporters.JUnitXMLReporter -->
<testsuite hostname="NMLTTW0126" ignored="2" name="Test" tests="2" failures="0" timestamp="01 Jun 2020 12:22:00 GMT" time="26.459" errors="0">
  <testcase name="openGmail" time="10.544" classname="com.testAssignment.GooglePage"/>
  <testcase name="MycoursePage" time="0.858" classname="com.testAssignment.RahulShetty"/>
  <testcase name="brokenLInks" time="0.0" classname="com.testAssignment.GooglePage">
    <ignored/>
  </testcase> <!-- brokenLInks -->
  <testcase name="openGmailInNewTab" time="0.0" classname="com.testAssignment.GooglePage">
    <ignored/>
  </testcase> <!-- openGmailInNewTab -->
</testsuite> <!-- Test -->
